<?xml version='1.0' encoding='UTF-8'?>
<testsuite hostname="yoon-8500" name="dinocpu.MemoryMultiCycleTesterLab3" tests="1" errors="0" failures="0" skipped="0" time="4.166" timestamp="2022-02-24T10:24:03">
                     <properties>
[...]
</properties>
                     <testcase classname="dinocpu.MemoryMultiCycleTesterLab3" name="Pipelined CPU should run multi cycle memory instruction lwfwd" time="4.166">
                                                 
                                               </testcase>
                     <system-out><![CDATA[]]></system-out>
                     <system-err><![CDATA[]]></system-err>
                   </testsuite>