<?xml version='1.0' encoding='UTF-8'?>
<testsuite hostname="yoon-8500" name="dinocpu.BranchTesterLab3" tests="18" errors="0" failures="0" skipped="0" time="11.441" timestamp="2022-02-27T12:50:53">
                     <properties>
[...]
</properties>
                     <testcase classname="dinocpu.BranchTesterLab3" name="Pipelined CPU should run branch instruction beq-False" time="2.547">
                                                 
                                               </testcase><testcase classname="dinocpu.BranchTesterLab3" name="Pipelined CPU should run branch instruction beq-True" time="0.665">
                                                 
                                               </testcase><testcase classname="dinocpu.BranchTesterLab3" name="Pipelined CPU should run branch instruction bne-False" time="0.661">
                                                 
                                               </testcase><testcase classname="dinocpu.BranchTesterLab3" name="Pipelined CPU should run branch instruction bne-True" time="0.606">
                                                 
                                               </testcase><testcase classname="dinocpu.BranchTesterLab3" name="Pipelined CPU should run branch instruction blt-False" time="0.572">
                                                 
                                               </testcase><testcase classname="dinocpu.BranchTesterLab3" name="Pipelined CPU should run branch instruction blt-False-equal" time="0.519">
                                                 
                                               </testcase><testcase classname="dinocpu.BranchTesterLab3" name="Pipelined CPU should run branch instruction blt-True" time="0.507">
                                                 
                                               </testcase><testcase classname="dinocpu.BranchTesterLab3" name="Pipelined CPU should run branch instruction blt-False-signed" time="0.516">
                                                 
                                               </testcase><testcase classname="dinocpu.BranchTesterLab3" name="Pipelined CPU should run branch instruction blt-True-signed" time="0.583">
                                                 
                                               </testcase><testcase classname="dinocpu.BranchTesterLab3" name="Pipelined CPU should run branch instruction bge-False" time="0.565">
                                                 
                                               </testcase><testcase classname="dinocpu.BranchTesterLab3" name="Pipelined CPU should run branch instruction bge-True" time="0.489">
                                                 
                                               </testcase><testcase classname="dinocpu.BranchTesterLab3" name="Pipelined CPU should run branch instruction bge-False-signed" time="0.477">
                                                 
                                               </testcase><testcase classname="dinocpu.BranchTesterLab3" name="Pipelined CPU should run branch instruction bge-True-signed" time="0.459">
                                                 
                                               </testcase><testcase classname="dinocpu.BranchTesterLab3" name="Pipelined CPU should run branch instruction bge-True-equal" time="0.436">
                                                 
                                               </testcase><testcase classname="dinocpu.BranchTesterLab3" name="Pipelined CPU should run branch instruction bltu-False" time="0.469">
                                                 
                                               </testcase><testcase classname="dinocpu.BranchTesterLab3" name="Pipelined CPU should run branch instruction bltu-True" time="0.479">
                                                 
                                               </testcase><testcase classname="dinocpu.BranchTesterLab3" name="Pipelined CPU should run branch instruction bgeu-False" time="0.434">
                                                 
                                               </testcase><testcase classname="dinocpu.BranchTesterLab3" name="Pipelined CPU should run branch instruction bgeu-True" time="0.457">
                                                 
                                               </testcase>
                     <system-out><![CDATA[]]></system-out>
                     <system-err><![CDATA[]]></system-err>
                   </testsuite>