<?xml version='1.0' encoding='UTF-8'?>
<testsuite hostname="DESKTOP-1CN0NNO" name="dinocpu.Lab1Grader" tests="4" errors="0" failures="3" skipped="0" time="0.0" timestamp="2022-02-14T09:00:36">
                     <properties>
[...]
</properties>
                     <testcase classname="dinocpu.Lab1Grader" name="verifyRType" time="0.0">
                                                 <failure message="setValue: Cannot find cpu.registers.regs_5 in symbol table" type="treadle.executable.TreadleException">treadle.executable.TreadleException: setValue: Cannot find cpu.registers.regs_5 in symbol table
	at treadle.executable.ExecutionEngine.$anonfun$setValue$1(ExecutionEngine.scala:221)
	at scala.collection.MapLike.getOrElse(MapLike.scala:131)
	at scala.collection.MapLike.getOrElse$(MapLike.scala:129)
	at scala.collection.AbstractMap.getOrElse(Map.scala:63)
	at treadle.executable.SymbolTable.getOrElse(SymbolTable.scala:117)
	at treadle.executable.ExecutionEngine.setValue(ExecutionEngine.scala:221)
	at treadle.TreadleTester.poke(TreadleTester.scala:263)
	at dinocpu.CPUTesterDriver.$anonfun$initRegs$2(CPUTesterDriver.scala:39)
	at dinocpu.CPUTesterDriver.$anonfun$initRegs$2$adapted(CPUTesterDriver.scala:38)
	at scala.collection.TraversableLike$WithFilter.$anonfun$foreach$1(TraversableLike.scala:877)
	at scala.collection.immutable.Map$Map1.foreach(Map.scala:128)
	at scala.collection.TraversableLike$WithFilter.foreach(TraversableLike.scala:876)
	at dinocpu.CPUTesterDriver.initRegs(CPUTesterDriver.scala:38)
	at dinocpu.CPUTesterDriver$.apply(CPUTesterDriver.scala:109)
	at dinocpu.Lab1Grader.$anonfun$verifyRType$2(Lab1Tests.scala:74)
	at dinocpu.Lab1Grader.$anonfun$verifyRType$2$adapted(Lab1Tests.scala:73)
	at scala.collection.immutable.List.foreach(List.scala:392)
	at dinocpu.Lab1Grader.$anonfun$verifyRType$1(Lab1Tests.scala:73)
	at scala.runtime.java8.JFunction0$mcV$sp.apply(JFunction0$mcV$sp.java:23)
	at scala.util.DynamicVariable.withValue(DynamicVariable.scala:62)
	at scala.Console$.withOut(Console.scala:167)
	at dinocpu.Lab1Grader.verifyRType(Lab1Tests.scala:68)
	at sun.reflect.NativeMethodAccessorImpl.invoke0(Native Method)
	at sun.reflect.NativeMethodAccessorImpl.invoke(NativeMethodAccessorImpl.java:62)
	at sun.reflect.DelegatingMethodAccessorImpl.invoke(DelegatingMethodAccessorImpl.java:43)
	at java.lang.reflect.Method.invoke(Method.java:498)
	at org.junit.runners.model.FrameworkMethod$1.runReflectiveCall(FrameworkMethod.java:50)
	at org.junit.internal.runners.model.ReflectiveCallable.run(ReflectiveCallable.java:12)
	at org.junit.runners.model.FrameworkMethod.invokeExplosively(FrameworkMethod.java:47)
	at org.junit.internal.runners.statements.InvokeMethod.evaluate(InvokeMethod.java:17)
	at org.junit.runners.ParentRunner.runLeaf(ParentRunner.java:325)
	at org.junit.runners.BlockJUnit4ClassRunner.runChild(BlockJUnit4ClassRunner.java:78)
	at org.junit.runners.BlockJUnit4ClassRunner.runChild(BlockJUnit4ClassRunner.java:57)
	at org.junit.runners.ParentRunner$3.run(ParentRunner.java:290)
	at org.junit.runners.ParentRunner$1.schedule(ParentRunner.java:71)
	at org.junit.runners.ParentRunner.runChildren(ParentRunner.java:288)
	at org.junit.runners.ParentRunner.access$000(ParentRunner.java:58)
	at org.junit.runners.ParentRunner$2.evaluate(ParentRunner.java:268)
	at org.junit.runners.ParentRunner.run(ParentRunner.java:363)
	at com.gradescope.jh61b.grader.GradedTestRunnerJSON.run(GradedTestRunnerJSON.java:21)
	at org.junit.runners.Suite.runChild(Suite.java:128)
	at org.junit.runners.Suite.runChild(Suite.java:27)
	at org.junit.runners.ParentRunner$3.run(ParentRunner.java:290)
	at org.junit.runners.ParentRunner$1.schedule(ParentRunner.java:71)
	at org.junit.runners.ParentRunner.runChildren(ParentRunner.java:288)
	at org.junit.runners.ParentRunner.access$000(ParentRunner.java:58)
	at org.junit.runners.ParentRunner$2.evaluate(ParentRunner.java:268)
	at org.junit.runners.ParentRunner.run(ParentRunner.java:363)
	at org.junit.runner.JUnitCore.run(JUnitCore.java:137)
	at org.junit.runner.JUnitCore.run(JUnitCore.java:115)
	at org.junit.runner.JUnitCore.run(JUnitCore.java:105)
	at org.junit.runner.JUnitCore.run(JUnitCore.java:94)
	at org.scalatest.junit.JUnitSuiteLike.run(JUnitSuiteLike.scala:242)
	at org.scalatest.junit.JUnitSuiteLike.run$(JUnitSuiteLike.scala:230)
	at org.scalatest.junit.JUnitSuite.run(JUnitSuite.scala:72)
	at org.scalatest.tools.Framework.org$scalatest$tools$Framework$$runSuite(Framework.scala:317)
	at org.scalatest.tools.Framework$ScalaTestTask.execute(Framework.scala:510)
	at sbt.TestRunner.runTest$1(TestFramework.scala:113)
	at sbt.TestRunner.run(TestFramework.scala:124)
	at sbt.TestFramework$$anon$2$$anonfun$$lessinit$greater$1.$anonfun$apply$1(TestFramework.scala:282)
	at sbt.TestFramework$.sbt$TestFramework$$withContextLoader(TestFramework.scala:246)
	at sbt.TestFramework$$anon$2$$anonfun$$lessinit$greater$1.apply(TestFramework.scala:282)
	at sbt.TestFramework$$anon$2$$anonfun$$lessinit$greater$1.apply(TestFramework.scala:282)
	at sbt.TestFunction.apply(TestFramework.scala:294)
	at sbt.Tests$.$anonfun$toTask$1(Tests.scala:309)
	at sbt.std.Transform$$anon$3.$anonfun$apply$2(System.scala:46)
	at sbt.std.Transform$$anon$4.work(System.scala:67)
	at sbt.Execute.$anonfun$submit$2(Execute.scala:269)
	at sbt.internal.util.ErrorHandling$.wideConvert(ErrorHandling.scala:16)
	at sbt.Execute.work(Execute.scala:278)
	at sbt.Execute.$anonfun$submit$1(Execute.scala:269)
	at sbt.ConcurrentRestrictions$$anon$4.$anonfun$submitValid$1(ConcurrentRestrictions.scala:178)
	at sbt.CompletionService$$anon$2.call(CompletionService.scala:37)
	at java.util.concurrent.FutureTask.run(FutureTask.java:266)
	at java.util.concurrent.Executors$RunnableAdapter.call(Executors.java:511)
	at java.util.concurrent.FutureTask.run(FutureTask.java:266)
	at java.util.concurrent.ThreadPoolExecutor.runWorker(ThreadPoolExecutor.java:1149)
	at java.util.concurrent.ThreadPoolExecutor$Worker.run(ThreadPoolExecutor.java:624)
	at java.lang.Thread.run(Thread.java:748)
</failure>
                                               </testcase><testcase classname="dinocpu.Lab1Grader" name="verifyAdd" time="0.0">
                                                 <failure message="setValue: Cannot find cpu.registers.regs_5 in symbol table" type="treadle.executable.TreadleException">treadle.executable.TreadleException: setValue: Cannot find cpu.registers.regs_5 in symbol table
	at treadle.executable.ExecutionEngine.$anonfun$setValue$1(ExecutionEngine.scala:221)
	at scala.collection.MapLike.getOrElse(MapLike.scala:131)
	at scala.collection.MapLike.getOrElse$(MapLike.scala:129)
	at scala.collection.AbstractMap.getOrElse(Map.scala:63)
	at treadle.executable.SymbolTable.getOrElse(SymbolTable.scala:117)
	at treadle.executable.ExecutionEngine.setValue(ExecutionEngine.scala:221)
	at treadle.TreadleTester.poke(TreadleTester.scala:263)
	at dinocpu.CPUTesterDriver.$anonfun$initRegs$2(CPUTesterDriver.scala:39)
	at dinocpu.CPUTesterDriver.$anonfun$initRegs$2$adapted(CPUTesterDriver.scala:38)
	at scala.collection.TraversableLike$WithFilter.$anonfun$foreach$1(TraversableLike.scala:877)
	at scala.collection.immutable.Map$Map1.foreach(Map.scala:128)
	at scala.collection.TraversableLike$WithFilter.foreach(TraversableLike.scala:876)
	at dinocpu.CPUTesterDriver.initRegs(CPUTesterDriver.scala:38)
	at dinocpu.CPUTesterDriver$.apply(CPUTesterDriver.scala:109)
	at dinocpu.Lab1Grader.$anonfun$verifyAdd$1(Lab1Tests.scala:47)
	at scala.runtime.java8.JFunction0$mcV$sp.apply(JFunction0$mcV$sp.java:23)
	at scala.util.DynamicVariable.withValue(DynamicVariable.scala:62)
	at scala.Console$.withOut(Console.scala:167)
	at dinocpu.Lab1Grader.verifyAdd(Lab1Tests.scala:38)
	at sun.reflect.NativeMethodAccessorImpl.invoke0(Native Method)
	at sun.reflect.NativeMethodAccessorImpl.invoke(NativeMethodAccessorImpl.java:62)
	at sun.reflect.DelegatingMethodAccessorImpl.invoke(DelegatingMethodAccessorImpl.java:43)
	at java.lang.reflect.Method.invoke(Method.java:498)
	at org.junit.runners.model.FrameworkMethod$1.runReflectiveCall(FrameworkMethod.java:50)
	at org.junit.internal.runners.model.ReflectiveCallable.run(ReflectiveCallable.java:12)
	at org.junit.runners.model.FrameworkMethod.invokeExplosively(FrameworkMethod.java:47)
	at org.junit.internal.runners.statements.InvokeMethod.evaluate(InvokeMethod.java:17)
	at org.junit.runners.ParentRunner.runLeaf(ParentRunner.java:325)
	at org.junit.runners.BlockJUnit4ClassRunner.runChild(BlockJUnit4ClassRunner.java:78)
	at org.junit.runners.BlockJUnit4ClassRunner.runChild(BlockJUnit4ClassRunner.java:57)
	at org.junit.runners.ParentRunner$3.run(ParentRunner.java:290)
	at org.junit.runners.ParentRunner$1.schedule(ParentRunner.java:71)
	at org.junit.runners.ParentRunner.runChildren(ParentRunner.java:288)
	at org.junit.runners.ParentRunner.access$000(ParentRunner.java:58)
	at org.junit.runners.ParentRunner$2.evaluate(ParentRunner.java:268)
	at org.junit.runners.ParentRunner.run(ParentRunner.java:363)
	at com.gradescope.jh61b.grader.GradedTestRunnerJSON.run(GradedTestRunnerJSON.java:21)
	at org.junit.runners.Suite.runChild(Suite.java:128)
	at org.junit.runners.Suite.runChild(Suite.java:27)
	at org.junit.runners.ParentRunner$3.run(ParentRunner.java:290)
	at org.junit.runners.ParentRunner$1.schedule(ParentRunner.java:71)
	at org.junit.runners.ParentRunner.runChildren(ParentRunner.java:288)
	at org.junit.runners.ParentRunner.access$000(ParentRunner.java:58)
	at org.junit.runners.ParentRunner$2.evaluate(ParentRunner.java:268)
	at org.junit.runners.ParentRunner.run(ParentRunner.java:363)
	at org.junit.runner.JUnitCore.run(JUnitCore.java:137)
	at org.junit.runner.JUnitCore.run(JUnitCore.java:115)
	at org.junit.runner.JUnitCore.run(JUnitCore.java:105)
	at org.junit.runner.JUnitCore.run(JUnitCore.java:94)
	at org.scalatest.junit.JUnitSuiteLike.run(JUnitSuiteLike.scala:242)
	at org.scalatest.junit.JUnitSuiteLike.run$(JUnitSuiteLike.scala:230)
	at org.scalatest.junit.JUnitSuite.run(JUnitSuite.scala:72)
	at org.scalatest.tools.Framework.org$scalatest$tools$Framework$$runSuite(Framework.scala:317)
	at org.scalatest.tools.Framework$ScalaTestTask.execute(Framework.scala:510)
	at sbt.TestRunner.runTest$1(TestFramework.scala:113)
	at sbt.TestRunner.run(TestFramework.scala:124)
	at sbt.TestFramework$$anon$2$$anonfun$$lessinit$greater$1.$anonfun$apply$1(TestFramework.scala:282)
	at sbt.TestFramework$.sbt$TestFramework$$withContextLoader(TestFramework.scala:246)
	at sbt.TestFramework$$anon$2$$anonfun$$lessinit$greater$1.apply(TestFramework.scala:282)
	at sbt.TestFramework$$anon$2$$anonfun$$lessinit$greater$1.apply(TestFramework.scala:282)
	at sbt.TestFunction.apply(TestFramework.scala:294)
	at sbt.Tests$.$anonfun$toTask$1(Tests.scala:309)
	at sbt.std.Transform$$anon$3.$anonfun$apply$2(System.scala:46)
	at sbt.std.Transform$$anon$4.work(System.scala:67)
	at sbt.Execute.$anonfun$submit$2(Execute.scala:269)
	at sbt.internal.util.ErrorHandling$.wideConvert(ErrorHandling.scala:16)
	at sbt.Execute.work(Execute.scala:278)
	at sbt.Execute.$anonfun$submit$1(Execute.scala:269)
	at sbt.ConcurrentRestrictions$$anon$4.$anonfun$submitValid$1(ConcurrentRestrictions.scala:178)
	at sbt.CompletionService$$anon$2.call(CompletionService.scala:37)
	at java.util.concurrent.FutureTask.run(FutureTask.java:266)
	at java.util.concurrent.Executors$RunnableAdapter.call(Executors.java:511)
	at java.util.concurrent.FutureTask.run(FutureTask.java:266)
	at java.util.concurrent.ThreadPoolExecutor.runWorker(ThreadPoolExecutor.java:1149)
	at java.util.concurrent.ThreadPoolExecutor$Worker.run(ThreadPoolExecutor.java:624)
	at java.lang.Thread.run(Thread.java:748)
</failure>
                                               </testcase><testcase classname="dinocpu.Lab1Grader" name="verifyMultiCycle" time="0.0">
                                                 <failure message="setValue: Cannot find cpu.registers.regs_5 in symbol table" type="treadle.executable.TreadleException">treadle.executable.TreadleException: setValue: Cannot find cpu.registers.regs_5 in symbol table
	at treadle.executable.ExecutionEngine.$anonfun$setValue$1(ExecutionEngine.scala:221)
	at scala.collection.MapLike.getOrElse(MapLike.scala:131)
	at scala.collection.MapLike.getOrElse$(MapLike.scala:129)
	at scala.collection.AbstractMap.getOrElse(Map.scala:63)
	at treadle.executable.SymbolTable.getOrElse(SymbolTable.scala:117)
	at treadle.executable.ExecutionEngine.setValue(ExecutionEngine.scala:221)
	at treadle.TreadleTester.poke(TreadleTester.scala:263)
	at dinocpu.CPUTesterDriver.$anonfun$initRegs$2(CPUTesterDriver.scala:39)
	at dinocpu.CPUTesterDriver.$anonfun$initRegs$2$adapted(CPUTesterDriver.scala:38)
	at scala.collection.TraversableLike$WithFilter.$anonfun$foreach$1(TraversableLike.scala:877)
	at scala.collection.immutable.Map$Map2.foreach(Map.scala:159)
	at scala.collection.TraversableLike$WithFilter.foreach(TraversableLike.scala:876)
	at dinocpu.CPUTesterDriver.initRegs(CPUTesterDriver.scala:38)
	at dinocpu.CPUTesterDriver$.apply(CPUTesterDriver.scala:109)
	at dinocpu.Lab1Grader.$anonfun$verifyMultiCycle$2(Lab1Tests.scala:95)
	at dinocpu.Lab1Grader.$anonfun$verifyMultiCycle$2$adapted(Lab1Tests.scala:94)
	at scala.collection.immutable.List.foreach(List.scala:392)
	at dinocpu.Lab1Grader.$anonfun$verifyMultiCycle$1(Lab1Tests.scala:94)
	at scala.runtime.java8.JFunction0$mcV$sp.apply(JFunction0$mcV$sp.java:23)
	at scala.util.DynamicVariable.withValue(DynamicVariable.scala:62)
	at scala.Console$.withOut(Console.scala:167)
	at dinocpu.Lab1Grader.verifyMultiCycle(Lab1Tests.scala:89)
	at sun.reflect.NativeMethodAccessorImpl.invoke0(Native Method)
	at sun.reflect.NativeMethodAccessorImpl.invoke(NativeMethodAccessorImpl.java:62)
	at sun.reflect.DelegatingMethodAccessorImpl.invoke(DelegatingMethodAccessorImpl.java:43)
	at java.lang.reflect.Method.invoke(Method.java:498)
	at org.junit.runners.model.FrameworkMethod$1.runReflectiveCall(FrameworkMethod.java:50)
	at org.junit.internal.runners.model.ReflectiveCallable.run(ReflectiveCallable.java:12)
	at org.junit.runners.model.FrameworkMethod.invokeExplosively(FrameworkMethod.java:47)
	at org.junit.internal.runners.statements.InvokeMethod.evaluate(InvokeMethod.java:17)
	at org.junit.runners.ParentRunner.runLeaf(ParentRunner.java:325)
	at org.junit.runners.BlockJUnit4ClassRunner.runChild(BlockJUnit4ClassRunner.java:78)
	at org.junit.runners.BlockJUnit4ClassRunner.runChild(BlockJUnit4ClassRunner.java:57)
	at org.junit.runners.ParentRunner$3.run(ParentRunner.java:290)
	at org.junit.runners.ParentRunner$1.schedule(ParentRunner.java:71)
	at org.junit.runners.ParentRunner.runChildren(ParentRunner.java:288)
	at org.junit.runners.ParentRunner.access$000(ParentRunner.java:58)
	at org.junit.runners.ParentRunner$2.evaluate(ParentRunner.java:268)
	at org.junit.runners.ParentRunner.run(ParentRunner.java:363)
	at com.gradescope.jh61b.grader.GradedTestRunnerJSON.run(GradedTestRunnerJSON.java:21)
	at org.junit.runners.Suite.runChild(Suite.java:128)
	at org.junit.runners.Suite.runChild(Suite.java:27)
	at org.junit.runners.ParentRunner$3.run(ParentRunner.java:290)
	at org.junit.runners.ParentRunner$1.schedule(ParentRunner.java:71)
	at org.junit.runners.ParentRunner.runChildren(ParentRunner.java:288)
	at org.junit.runners.ParentRunner.access$000(ParentRunner.java:58)
	at org.junit.runners.ParentRunner$2.evaluate(ParentRunner.java:268)
	at org.junit.runners.ParentRunner.run(ParentRunner.java:363)
	at org.junit.runner.JUnitCore.run(JUnitCore.java:137)
	at org.junit.runner.JUnitCore.run(JUnitCore.java:115)
	at org.junit.runner.JUnitCore.run(JUnitCore.java:105)
	at org.junit.runner.JUnitCore.run(JUnitCore.java:94)
	at org.scalatest.junit.JUnitSuiteLike.run(JUnitSuiteLike.scala:242)
	at org.scalatest.junit.JUnitSuiteLike.run$(JUnitSuiteLike.scala:230)
	at org.scalatest.junit.JUnitSuite.run(JUnitSuite.scala:72)
	at org.scalatest.tools.Framework.org$scalatest$tools$Framework$$runSuite(Framework.scala:317)
	at org.scalatest.tools.Framework$ScalaTestTask.execute(Framework.scala:510)
	at sbt.TestRunner.runTest$1(TestFramework.scala:113)
	at sbt.TestRunner.run(TestFramework.scala:124)
	at sbt.TestFramework$$anon$2$$anonfun$$lessinit$greater$1.$anonfun$apply$1(TestFramework.scala:282)
	at sbt.TestFramework$.sbt$TestFramework$$withContextLoader(TestFramework.scala:246)
	at sbt.TestFramework$$anon$2$$anonfun$$lessinit$greater$1.apply(TestFramework.scala:282)
	at sbt.TestFramework$$anon$2$$anonfun$$lessinit$greater$1.apply(TestFramework.scala:282)
	at sbt.TestFunction.apply(TestFramework.scala:294)
	at sbt.Tests$.$anonfun$toTask$1(Tests.scala:309)
	at sbt.std.Transform$$anon$3.$anonfun$apply$2(System.scala:46)
	at sbt.std.Transform$$anon$4.work(System.scala:67)
	at sbt.Execute.$anonfun$submit$2(Execute.scala:269)
	at sbt.internal.util.ErrorHandling$.wideConvert(ErrorHandling.scala:16)
	at sbt.Execute.work(Execute.scala:278)
	at sbt.Execute.$anonfun$submit$1(Execute.scala:269)
	at sbt.ConcurrentRestrictions$$anon$4.$anonfun$submitValid$1(ConcurrentRestrictions.scala:178)
	at sbt.CompletionService$$anon$2.call(CompletionService.scala:37)
	at java.util.concurrent.FutureTask.run(FutureTask.java:266)
	at java.util.concurrent.Executors$RunnableAdapter.call(Executors.java:511)
	at java.util.concurrent.FutureTask.run(FutureTask.java:266)
	at java.util.concurrent.ThreadPoolExecutor.runWorker(ThreadPoolExecutor.java:1149)
	at java.util.concurrent.ThreadPoolExecutor$Worker.run(ThreadPoolExecutor.java:624)
	at java.lang.Thread.run(Thread.java:748)
</failure>
                                               </testcase><testcase classname="dinocpu.Lab1Grader" name="verifyALUControl" time="0.0">
                                                 
                                               </testcase>
                     <system-out><![CDATA[]]></system-out>
                     <system-err><![CDATA[]]></system-err>
                   </testsuite>